ts=2022-05-04T10:15:07.223893Z lvl=info msg="Debug server listening" sys=debughttp addr=localhost:7597
ts=2022-05-04T10:15:08.179644Z lvl=info msg="No packets in queue" src_chain_id=defund src_channel_id=channel-1 src_port_id=icacontroller-defund1z2qw9vx9c8jv7jjm23qgevj4a4ds3zfwa7cxlqt4vy0p8h8550xq5ax25f dst_chain_id=theta-testnet-001 dst_channel_id=channel-374 dst_port_id=icahost
ts=2022-05-04T10:15:08.218224Z lvl=info msg="No packets in queue" src_chain_id=defund src_channel_id=channel-0 src_port_id=icacontroller-defund1smupfeel2wcjatx99m5npwq0n4n9ds6lnt2akzquztucp220k47sf4wy0p dst_chain_id=theta-testnet-001 dst_channel_id=channel-372 dst_port_id=icahost
ts=2022-05-04T10:15:14.622845Z lvl=warn msg="Error retrieving unrelayed acknowledgements" src_chain_id=defund src_channel_id=channel-0 error="no error on QueryPacketUnrelayedAcknowledgements for defund, however response is nil"
ts=2022-05-04T10:15:14.673293Z lvl=warn msg="Error retrieving unrelayed acknowledgements" src_chain_id=defund src_channel_id=channel-1 error="no error on QueryPacketUnrelayedAcknowledgements for defund, however response is nil"
ts=2022-05-04T10:15:15.372460Z lvl=info msg="No packets in queue" src_chain_id=defund src_channel_id=channel-0 src_port_id=icacontroller-defund1smupfeel2wcjatx99m5npwq0n4n9ds6lnt2akzquztucp220k47sf4wy0p dst_chain_id=theta-testnet-001 dst_channel_id=channel-372 dst_port_id=icahost
ts=2022-05-04T10:15:15.524503Z lvl=info msg="No packets in queue" src_chain_id=defund src_channel_id=channel-1 src_port_id=icacontroller-defund1z2qw9vx9c8jv7jjm23qgevj4a4ds3zfwa7cxlqt4vy0p8h8550xq5ax25f dst_chain_id=theta-testnet-001 dst_channel_id=channel-374 dst_port_id=icahost
ts=2022-05-04T10:15:21.814563Z lvl=warn msg="Error retrieving unrelayed acknowledgements" src_chain_id=defund src_channel_id=channel-0 error="no error on QueryPacketUnrelayedAcknowledgements for defund, however response is nil"
ts=2022-05-04T10:15:22.165999Z lvl=warn msg="Error retrieving unrelayed acknowledgements" src_chain_id=defund src_channel_id=channel-1 error="no error on QueryPacketUnrelayedAcknowledgements for defund, however response is nil"
ts=2022-05-04T10:15:22.259950Z lvl=info msg="No packets in queue" src_chain_id=defund src_channel_id=channel-0 src_port_id=icacontroller-defund1smupfeel2wcjatx99m5npwq0n4n9ds6lnt2akzquztucp220k47sf4wy0p dst_chain_id=theta-testnet-001 dst_channel_id=channel-372 dst_port_id=icahost
ts=2022-05-04T10:15:22.904881Z lvl=info msg="No packets in queue" src_chain_id=defund src_channel_id=channel-1 src_port_id=icacontroller-defund1z2qw9vx9c8jv7jjm23qgevj4a4ds3zfwa7cxlqt4vy0p8h8550xq5ax25f dst_chain_id=theta-testnet-001 dst_channel_id=channel-374 dst_port_id=icahost
ts=2022-05-04T10:15:28.951819Z lvl=warn msg="Error retrieving unrelayed acknowledgements" src_chain_id=defund src_channel_id=channel-0 error="no error on QueryPacketUnrelayedAcknowledgements for defund, however response is nil"
ts=2022-05-04T10:15:29.339726Z lvl=warn msg="Error retrieving unrelayed acknowledgements" src_chain_id=defund src_channel_id=channel-1 error="no error on QueryPacketUnrelayedAcknowledgements for defund, however response is nil"
ts=2022-05-04T10:15:29.412023Z lvl=info msg="No packets in queue" src_chain_id=defund src_channel_id=channel-0 src_port_id=icacontroller-defund1smupfeel2wcjatx99m5npwq0n4n9ds6lnt2akzquztucp220k47sf4wy0p dst_chain_id=theta-testnet-001 dst_channel_id=channel-372 dst_port_id=icahost
ts=2022-05-04T10:15:29.826981Z lvl=info msg="No packets in queue" src_chain_id=defund src_channel_id=channel-1 src_port_id=icacontroller-defund1z2qw9vx9c8jv7jjm23qgevj4a4ds3zfwa7cxlqt4vy0p8h8550xq5ax25f dst_chain_id=theta-testnet-001 dst_channel_id=channel-374 dst_port_id=icahost
ts=2022-05-04T10:15:35.955087Z lvl=warn msg="Error retrieving unrelayed acknowledgements" src_chain_id=defund src_channel_id=channel-0 error="no error on QueryPacketUnrelayedAcknowledgements for defund, however response is nil"
ts=2022-05-04T10:15:36.333317Z lvl=warn msg="Error retrieving unrelayed acknowledgements" src_chain_id=defund src_channel_id=channel-1 error="no error on QueryPacketUnrelayedAcknowledgements for defund, however response is nil"
ts=2022-05-04T10:15:36.427073Z lvl=info msg="No packets in queue" src_chain_id=defund src_channel_id=channel-0 src_port_id=icacontroller-defund1smupfeel2wcjatx99m5npwq0n4n9ds6lnt2akzquztucp220k47sf4wy0p dst_chain_id=theta-testnet-001 dst_channel_id=channel-372 dst_port_id=icahost
ts=2022-05-04T10:15:36.884943Z lvl=info msg="No packets in queue" src_chain_id=defund src_channel_id=channel-1 src_port_id=icacontroller-defund1z2qw9vx9c8jv7jjm23qgevj4a4ds3zfwa7cxlqt4vy0p8h8550xq5ax25f dst_chain_id=theta-testnet-001 dst_channel_id=channel-374 dst_port_id=icahost
ts=2022-05-04T10:15:42.843564Z lvl=warn msg="Error retrieving unrelayed acknowledgements" src_chain_id=defund src_channel_id=channel-0 error="no error on QueryPacketUnrelayedAcknowledgements for defund, however response is nil"
ts=2022-05-04T10:15:43.375488Z lvl=warn msg="Error retrieving unrelayed acknowledgements" src_chain_id=defund src_channel_id=channel-1 error="no error on QueryPacketUnrelayedAcknowledgements for defund, however response is nil"
ts=2022-05-04T10:15:43.388450Z lvl=info msg="No packets in queue" src_chain_id=defund src_channel_id=channel-0 src_port_id=icacontroller-defund1smupfeel2wcjatx99m5npwq0n4n9ds6lnt2akzquztucp220k47sf4wy0p dst_chain_id=theta-testnet-001 dst_channel_id=channel-372 dst_port_id=icahost
ts=2022-05-04T10:15:44.326553Z lvl=info msg="No packets in queue" src_chain_id=defund src_channel_id=channel-1 src_port_id=icacontroller-defund1z2qw9vx9c8jv7jjm23qgevj4a4ds3zfwa7cxlqt4vy0p8h8550xq5ax25f dst_chain_id=theta-testnet-001 dst_channel_id=channel-374 dst_port_id=icahost
ts=2022-05-04T10:15:50.967509Z lvl=warn msg="Error retrieving unrelayed acknowledgements" src_chain_id=defund src_channel_id=channel-0 error="no error on QueryPacketUnrelayedAcknowledgements for defund, however response is nil"
ts=2022-05-04T10:15:50.970362Z lvl=warn msg="Error retrieving unrelayed acknowledgements" src_chain_id=defund src_channel_id=channel-1 error="no error on QueryPacketUnrelayedAcknowledgements for defund, however response is nil"
ts=2022-05-04T10:15:51.823584Z lvl=info msg="No packets in queue" src_chain_id=defund src_channel_id=channel-0 src_port_id=icacontroller-defund1smupfeel2wcjatx99m5npwq0n4n9ds6lnt2akzquztucp220k47sf4wy0p dst_chain_id=theta-testnet-001 dst_channel_id=channel-372 dst_port_id=icahost
ts=2022-05-04T10:15:51.972300Z lvl=info msg="No packets in queue" src_chain_id=defund src_channel_id=channel-1 src_port_id=icacontroller-defund1z2qw9vx9c8jv7jjm23qgevj4a4ds3zfwa7cxlqt4vy0p8h8550xq5ax25f dst_chain_id=theta-testnet-001 dst_channel_id=channel-374 dst_port_id=icahost
ts=2022-05-04T10:15:52.327846Z lvl=warn msg="Context finished while waiting for RelayInterqueries to complete" src_chain_id=defund dst_chain_id=theta-testnet-001 error="context deadline exceeded"
ts=2022-05-04T10:15:58.586858Z lvl=warn msg="Error retrieving unrelayed acknowledgements" src_chain_id=defund src_channel_id=channel-1 error="no error on QueryPacketUnrelayedAcknowledgements for defund, however response is nil"
ts=2022-05-04T10:15:58.644066Z lvl=warn msg="Error retrieving unrelayed acknowledgements" src_chain_id=defund src_channel_id=channel-0 error="no error on QueryPacketUnrelayedAcknowledgements for defund, however response is nil"
ts=2022-05-04T10:15:59.654916Z lvl=warn msg="Context finished while waiting for RelayInterqueries to complete" src_chain_id=defund dst_chain_id=theta-testnet-001 error="context deadline exceeded"
ts=2022-05-04T10:15:59.686317Z lvl=warn msg="Context finished while waiting for RelayInterqueries to complete" src_chain_id=defund dst_chain_id=theta-testnet-001 error="context deadline exceeded"
ts=2022-05-04T10:15:59.747730Z lvl=info msg="No packets in queue" src_chain_id=defund src_channel_id=channel-1 src_port_id=icacontroller-defund1z2qw9vx9c8jv7jjm23qgevj4a4ds3zfwa7cxlqt4vy0p8h8550xq5ax25f dst_chain_id=theta-testnet-001 dst_channel_id=channel-374 dst_port_id=icahost
ts=2022-05-04T10:15:59.765168Z lvl=info msg="No packets in queue" src_chain_id=defund src_channel_id=channel-0 src_port_id=icacontroller-defund1smupfeel2wcjatx99m5npwq0n4n9ds6lnt2akzquztucp220k47sf4wy0p dst_chain_id=theta-testnet-001 dst_channel_id=channel-372 dst_port_id=icahost
ts=2022-05-04T10:16:06.421361Z lvl=warn msg="Error retrieving unrelayed acknowledgements" src_chain_id=defund src_channel_id=channel-0 error="no error on QueryPacketUnrelayedAcknowledgements for defund, however response is nil"
ts=2022-05-04T10:16:06.459610Z lvl=warn msg="Error retrieving unrelayed acknowledgements" src_chain_id=defund src_channel_id=channel-1 error="no error on QueryPacketUnrelayedAcknowledgements for defund, however response is nil"
ts=2022-05-04T10:16:06.857368Z lvl=warn msg="Context finished while waiting for RelayInterqueries to complete" src_chain_id=defund dst_chain_id=theta-testnet-001 error="context deadline exceeded"
ts=2022-05-04T10:16:07.193061Z lvl=warn msg="Context finished while waiting for RelayInterqueries to complete" src_chain_id=defund dst_chain_id=theta-testnet-001 error="context deadline exceeded"
ts=2022-05-04T10:16:07.279747Z lvl=info msg="No packets in queue" src_chain_id=defund src_channel_id=channel-1 src_port_id=icacontroller-defund1z2qw9vx9c8jv7jjm23qgevj4a4ds3zfwa7cxlqt4vy0p8h8550xq5ax25f dst_chain_id=theta-testnet-001 dst_channel_id=channel-374 dst_port_id=icahost
ts=2022-05-04T10:16:07.353909Z lvl=info msg="No packets in queue" src_chain_id=defund src_channel_id=channel-0 src_port_id=icacontroller-defund1smupfeel2wcjatx99m5npwq0n4n9ds6lnt2akzquztucp220k47sf4wy0p dst_chain_id=theta-testnet-001 dst_channel_id=channel-372 dst_port_id=icahost
ts=2022-05-04T10:16:13.766301Z lvl=warn msg="Error retrieving unrelayed acknowledgements" src_chain_id=defund src_channel_id=channel-1 error="no error on QueryPacketUnrelayedAcknowledgements for defund, however response is nil"
ts=2022-05-04T10:16:13.854028Z lvl=warn msg="Error retrieving unrelayed acknowledgements" src_chain_id=defund src_channel_id=channel-0 error="no error on QueryPacketUnrelayedAcknowledgements for defund, however response is nil"
ts=2022-05-04T10:16:13.959998Z lvl=warn msg="Context finished while waiting for RelayInterqueries to complete" src_chain_id=defund dst_chain_id=theta-testnet-001 error="context deadline exceeded"
ts=2022-05-04T10:16:14.343544Z lvl=info msg="No packets in queue" src_chain_id=defund src_channel_id=channel-1 src_port_id=icacontroller-defund1z2qw9vx9c8jv7jjm23qgevj4a4ds3zfwa7cxlqt4vy0p8h8550xq5ax25f dst_chain_id=theta-testnet-001 dst_channel_id=channel-374 dst_port_id=icahost
ts=2022-05-04T10:16:14.423267Z lvl=warn msg="Context finished while waiting for RelayInterqueries to complete" src_chain_id=defund dst_chain_id=theta-testnet-001 error="context deadline exceeded"
ts=2022-05-04T10:16:14.499982Z lvl=info msg="No packets in queue" src_chain_id=defund src_channel_id=channel-0 src_port_id=icacontroller-defund1smupfeel2wcjatx99m5npwq0n4n9ds6lnt2akzquztucp220k47sf4wy0p dst_chain_id=theta-testnet-001 dst_channel_id=channel-372 dst_port_id=icahost
ts=2022-05-04T10:16:20.853344Z lvl=warn msg="Error retrieving unrelayed acknowledgements" src_chain_id=defund src_channel_id=channel-1 error="no error on QueryPacketUnrelayedAcknowledgements for defund, however response is nil"
ts=2022-05-04T10:16:20.968091Z lvl=warn msg="Context finished while waiting for RelayInterqueries to complete" src_chain_id=defund dst_chain_id=theta-testnet-001 error="context deadline exceeded"
ts=2022-05-04T10:16:21.077381Z lvl=warn msg="Error retrieving unrelayed acknowledgements" src_chain_id=defund src_channel_id=channel-0 error="no error on QueryPacketUnrelayedAcknowledgements for defund, however response is nil"
ts=2022-05-04T10:16:21.345474Z lvl=warn msg="Context finished while waiting for RelayInterqueries to complete" src_chain_id=defund dst_chain_id=theta-testnet-001 error="context deadline exceeded"
ts=2022-05-04T10:16:21.416310Z lvl=info msg="No packets in queue" src_chain_id=defund src_channel_id=channel-1 src_port_id=icacontroller-defund1z2qw9vx9c8jv7jjm23qgevj4a4ds3zfwa7cxlqt4vy0p8h8550xq5ax25f dst_chain_id=theta-testnet-001 dst_channel_id=channel-374 dst_port_id=icahost
ts=2022-05-04T10:16:21.635046Z lvl=info msg="No packets in queue" src_chain_id=defund src_channel_id=channel-0 src_port_id=icacontroller-defund1smupfeel2wcjatx99m5npwq0n4n9ds6lnt2akzquztucp220k47sf4wy0p dst_chain_id=theta-testnet-001 dst_channel_id=channel-372 dst_port_id=icahost
ts=2022-05-04T10:16:27.861973Z lvl=warn msg="Context finished while waiting for RelayInterqueries to complete" src_chain_id=defund dst_chain_id=theta-testnet-001 error="context deadline exceeded"
ts=2022-05-04T10:16:28.017313Z lvl=warn msg="Error retrieving unrelayed acknowledgements" src_chain_id=defund src_channel_id=channel-1 error="no error on QueryPacketUnrelayedAcknowledgements for defund, however response is nil"
ts=2022-05-04T10:16:28.076591Z lvl=warn msg="Error retrieving unrelayed acknowledgements" src_chain_id=defund src_channel_id=channel-0 error="no error on QueryPacketUnrelayedAcknowledgements for defund, however response is nil"
ts=2022-05-04T10:16:28.405530Z lvl=warn msg="Context finished while waiting for RelayInterqueries to complete" src_chain_id=defund dst_chain_id=theta-testnet-001 error="context deadline exceeded"
ts=2022-05-04T10:16:28.610894Z lvl=info msg="No packets in queue" src_chain_id=defund src_channel_id=channel-0 src_port_id=icacontroller-defund1smupfeel2wcjatx99m5npwq0n4n9ds6lnt2akzquztucp220k47sf4wy0p dst_chain_id=theta-testnet-001 dst_channel_id=channel-372 dst_port_id=icahost
ts=2022-05-04T10:16:28.647020Z lvl=info msg="No packets in queue" src_chain_id=defund src_channel_id=channel-1 src_port_id=icacontroller-defund1z2qw9vx9c8jv7jjm23qgevj4a4ds3zfwa7cxlqt4vy0p8h8550xq5ax25f dst_chain_id=theta-testnet-001 dst_channel_id=channel-374 dst_port_id=icahost
ts=2022-05-04T10:16:35.819655Z lvl=warn msg="Error retrieving unrelayed acknowledgements" src_chain_id=defund src_channel_id=channel-1 error="no error on QueryPacketUnrelayedAcknowledgements for defund, however response is nil"
ts=2022-05-04T10:16:35.822009Z lvl=warn msg="Error retrieving unrelayed acknowledgements" src_chain_id=defund src_channel_id=channel-0 error="no error on QueryPacketUnrelayedAcknowledgements for defund, however response is nil"
ts=2022-05-04T10:16:36.037255Z lvl=warn msg="Context finished while waiting for RelayInterqueries to complete" src_chain_id=defund dst_chain_id=theta-testnet-001 error="context deadline exceeded"
ts=2022-05-04T10:16:36.068472Z lvl=warn msg="Context finished while waiting for RelayInterqueries to complete" src_chain_id=defund dst_chain_id=theta-testnet-001 error="context deadline exceeded"
ts=2022-05-04T10:16:36.792030Z lvl=info msg="No packets in queue" src_chain_id=defund src_channel_id=channel-1 src_port_id=icacontroller-defund1z2qw9vx9c8jv7jjm23qgevj4a4ds3zfwa7cxlqt4vy0p8h8550xq5ax25f dst_chain_id=theta-testnet-001 dst_channel_id=channel-374 dst_port_id=icahost
ts=2022-05-04T10:16:36.953504Z lvl=info msg="No packets in queue" src_chain_id=defund src_channel_id=channel-0 src_port_id=icacontroller-defund1smupfeel2wcjatx99m5npwq0n4n9ds6lnt2akzquztucp220k47sf4wy0p dst_chain_id=theta-testnet-001 dst_channel_id=channel-372 dst_port_id=icahost
ts=2022-05-04T10:16:43.667834Z lvl=warn msg="Context finished while waiting for RelayInterqueries to complete" src_chain_id=defund dst_chain_id=theta-testnet-001 error="context deadline exceeded"
ts=2022-05-04T10:16:43.692434Z lvl=warn msg="Context finished while waiting for RelayInterqueries to complete" src_chain_id=defund dst_chain_id=theta-testnet-001 error="context deadline exceeded"
ts=2022-05-04T10:16:44.547410Z lvl=warn msg="Error retrieving unrelayed acknowledgements" src_chain_id=defund src_channel_id=channel-1 error="no error on QueryPacketUnrelayedAcknowledgements for defund, however response is nil"
ts=2022-05-04T10:16:44.548691Z lvl=warn msg="Error retrieving unrelayed acknowledgements" src_chain_id=defund src_channel_id=channel-0 error="no error on QueryPacketUnrelayedAcknowledgements for defund, however response is nil"
ts=2022-05-04T10:16:45.382171Z lvl=info msg="No packets in queue" src_chain_id=defund src_channel_id=channel-1 src_port_id=icacontroller-defund1z2qw9vx9c8jv7jjm23qgevj4a4ds3zfwa7cxlqt4vy0p8h8550xq5ax25f dst_chain_id=theta-testnet-001 dst_channel_id=channel-374 dst_port_id=icahost
ts=2022-05-04T10:16:45.606900Z lvl=info msg="No packets in queue" src_chain_id=defund src_channel_id=channel-0 src_port_id=icacontroller-defund1smupfeel2wcjatx99m5npwq0n4n9ds6lnt2akzquztucp220k47sf4wy0p dst_chain_id=theta-testnet-001 dst_channel_id=channel-372 dst_port_id=icahost
