ts=2022-05-04T10:15:07.244195Z lvl=info msg="Debug server listening" sys=debughttp addr=localhost:7598
ts=2022-05-04T10:15:08.436107Z lvl=info msg="No packets in queue" src_chain_id=theta-testnet-001 src_channel_id=channel-372 src_port_id=icahost dst_chain_id=defund dst_channel_id=channel-0 dst_port_id=icacontroller-defund1smupfeel2wcjatx99m5npwq0n4n9ds6lnt2akzquztucp220k47sf4wy0p
ts=2022-05-04T10:15:08.498352Z lvl=info msg="No packets in queue" src_chain_id=theta-testnet-001 src_channel_id=channel-374 src_port_id=icahost dst_chain_id=defund dst_channel_id=channel-1 dst_port_id=icacontroller-defund1z2qw9vx9c8jv7jjm23qgevj4a4ds3zfwa7cxlqt4vy0p8h8550xq5ax25f
ts=2022-05-04T10:15:14.871891Z lvl=warn msg="Error retrieving unrelayed acknowledgements" src_chain_id=theta-testnet-001 src_channel_id=channel-374 error="no error on QueryPacketUnrelayedAcknowledgements for defund, however response is nil"
ts=2022-05-04T10:15:15.303061Z lvl=warn msg="Error retrieving unrelayed acknowledgements" src_chain_id=theta-testnet-001 src_channel_id=channel-372 error="no error on QueryPacketUnrelayedAcknowledgements for defund, however response is nil"
ts=2022-05-04T10:15:15.838195Z lvl=info msg="No packets in queue" src_chain_id=theta-testnet-001 src_channel_id=channel-374 src_port_id=icahost dst_chain_id=defund dst_channel_id=channel-1 dst_port_id=icacontroller-defund1z2qw9vx9c8jv7jjm23qgevj4a4ds3zfwa7cxlqt4vy0p8h8550xq5ax25f
ts=2022-05-04T10:15:16.164878Z lvl=info msg="No packets in queue" src_chain_id=theta-testnet-001 src_channel_id=channel-372 src_port_id=icahost dst_chain_id=defund dst_channel_id=channel-0 dst_port_id=icacontroller-defund1smupfeel2wcjatx99m5npwq0n4n9ds6lnt2akzquztucp220k47sf4wy0p
ts=2022-05-04T10:15:22.657485Z lvl=warn msg="Error retrieving unrelayed acknowledgements" src_chain_id=theta-testnet-001 src_channel_id=channel-374 error="no error on QueryPacketUnrelayedAcknowledgements for defund, however response is nil"
ts=2022-05-04T10:15:22.991104Z lvl=warn msg="Error retrieving unrelayed acknowledgements" src_chain_id=theta-testnet-001 src_channel_id=channel-372 error="no error on QueryPacketUnrelayedAcknowledgements for defund, however response is nil"
ts=2022-05-04T10:15:23.628036Z lvl=info msg="No packets in queue" src_chain_id=theta-testnet-001 src_channel_id=channel-374 src_port_id=icahost dst_chain_id=defund dst_channel_id=channel-1 dst_port_id=icacontroller-defund1z2qw9vx9c8jv7jjm23qgevj4a4ds3zfwa7cxlqt4vy0p8h8550xq5ax25f
ts=2022-05-04T10:15:24.085944Z lvl=info msg="No packets in queue" src_chain_id=theta-testnet-001 src_channel_id=channel-372 src_port_id=icahost dst_chain_id=defund dst_channel_id=channel-0 dst_port_id=icacontroller-defund1smupfeel2wcjatx99m5npwq0n4n9ds6lnt2akzquztucp220k47sf4wy0p
ts=2022-05-04T10:15:30.221606Z lvl=warn msg="Error retrieving unrelayed acknowledgements" src_chain_id=theta-testnet-001 src_channel_id=channel-374 error="no error on QueryPacketUnrelayedAcknowledgements for defund, however response is nil"
ts=2022-05-04T10:15:30.409969Z lvl=warn msg="Error retrieving unrelayed acknowledgements" src_chain_id=theta-testnet-001 src_channel_id=channel-372 error="no error on QueryPacketUnrelayedAcknowledgements for defund, however response is nil"
ts=2022-05-04T10:15:31.023838Z lvl=info msg="No packets in queue" src_chain_id=theta-testnet-001 src_channel_id=channel-374 src_port_id=icahost dst_chain_id=defund dst_channel_id=channel-1 dst_port_id=icacontroller-defund1z2qw9vx9c8jv7jjm23qgevj4a4ds3zfwa7cxlqt4vy0p8h8550xq5ax25f
ts=2022-05-04T10:15:31.511233Z lvl=info msg="No packets in queue" src_chain_id=theta-testnet-001 src_channel_id=channel-372 src_port_id=icahost dst_chain_id=defund dst_channel_id=channel-0 dst_port_id=icacontroller-defund1smupfeel2wcjatx99m5npwq0n4n9ds6lnt2akzquztucp220k47sf4wy0p
ts=2022-05-04T10:15:37.474048Z lvl=warn msg="Error retrieving unrelayed acknowledgements" src_chain_id=theta-testnet-001 src_channel_id=channel-374 error="no error on QueryPacketUnrelayedAcknowledgements for defund, however response is nil"
ts=2022-05-04T10:15:38.020818Z lvl=warn msg="Error retrieving unrelayed acknowledgements" src_chain_id=theta-testnet-001 src_channel_id=channel-372 error="no error on QueryPacketUnrelayedAcknowledgements for defund, however response is nil"
ts=2022-05-04T10:15:38.185507Z lvl=info msg="No packets in queue" src_chain_id=theta-testnet-001 src_channel_id=channel-374 src_port_id=icahost dst_chain_id=defund dst_channel_id=channel-1 dst_port_id=icacontroller-defund1z2qw9vx9c8jv7jjm23qgevj4a4ds3zfwa7cxlqt4vy0p8h8550xq5ax25f
ts=2022-05-04T10:15:38.975284Z lvl=info msg="No packets in queue" src_chain_id=theta-testnet-001 src_channel_id=channel-372 src_port_id=icahost dst_chain_id=defund dst_channel_id=channel-0 dst_port_id=icacontroller-defund1smupfeel2wcjatx99m5npwq0n4n9ds6lnt2akzquztucp220k47sf4wy0p
ts=2022-05-04T10:15:44.596516Z lvl=warn msg="Error retrieving unrelayed acknowledgements" src_chain_id=theta-testnet-001 src_channel_id=channel-374 error="no error on QueryPacketUnrelayedAcknowledgements for defund, however response is nil"
ts=2022-05-04T10:15:45.418345Z lvl=warn msg="Error retrieving unrelayed acknowledgements" src_chain_id=theta-testnet-001 src_channel_id=channel-372 error="no error on QueryPacketUnrelayedAcknowledgements for defund, however response is nil"
ts=2022-05-04T10:15:45.679557Z lvl=info msg="No packets in queue" src_chain_id=theta-testnet-001 src_channel_id=channel-374 src_port_id=icahost dst_chain_id=defund dst_channel_id=channel-1 dst_port_id=icacontroller-defund1z2qw9vx9c8jv7jjm23qgevj4a4ds3zfwa7cxlqt4vy0p8h8550xq5ax25f
ts=2022-05-04T10:15:46.447749Z lvl=info msg="No packets in queue" src_chain_id=theta-testnet-001 src_channel_id=channel-372 src_port_id=icahost dst_chain_id=defund dst_channel_id=channel-0 dst_port_id=icacontroller-defund1smupfeel2wcjatx99m5npwq0n4n9ds6lnt2akzquztucp220k47sf4wy0p
ts=2022-05-04T10:15:53.808574Z lvl=warn msg="Error retrieving unrelayed acknowledgements" src_chain_id=theta-testnet-001 src_channel_id=channel-374 error="no error on QueryPacketUnrelayedAcknowledgements for theta-testnet-001, however response is nil"
ts=2022-05-04T10:15:54.957152Z lvl=warn msg="Error retrieving unrelayed acknowledgements" src_chain_id=theta-testnet-001 src_channel_id=channel-372 error="no error on QueryPacketUnrelayedAcknowledgements for theta-testnet-001, however response is nil"
ts=2022-05-04T10:15:54.957860Z lvl=info msg="No packets in queue" src_chain_id=theta-testnet-001 src_channel_id=channel-374 src_port_id=icahost dst_chain_id=defund dst_channel_id=channel-1 dst_port_id=icacontroller-defund1z2qw9vx9c8jv7jjm23qgevj4a4ds3zfwa7cxlqt4vy0p8h8550xq5ax25f
ts=2022-05-04T10:15:56.326623Z lvl=info msg="No packets in queue" src_chain_id=theta-testnet-001 src_channel_id=channel-372 src_port_id=icahost dst_chain_id=defund dst_channel_id=channel-0 dst_port_id=icacontroller-defund1smupfeel2wcjatx99m5npwq0n4n9ds6lnt2akzquztucp220k47sf4wy0p
ts=2022-05-04T10:16:01.538977Z lvl=warn msg="Error retrieving unrelayed acknowledgements" src_chain_id=theta-testnet-001 src_channel_id=channel-374 error="no error on QueryPacketUnrelayedAcknowledgements for defund, however response is nil"
ts=2022-05-04T10:16:02.494708Z lvl=info msg="No packets in queue" src_chain_id=theta-testnet-001 src_channel_id=channel-374 src_port_id=icahost dst_chain_id=defund dst_channel_id=channel-1 dst_port_id=icacontroller-defund1z2qw9vx9c8jv7jjm23qgevj4a4ds3zfwa7cxlqt4vy0p8h8550xq5ax25f
ts=2022-05-04T10:16:02.728908Z lvl=warn msg="Error retrieving unrelayed acknowledgements" src_chain_id=theta-testnet-001 src_channel_id=channel-372 error="no error on QueryPacketUnrelayedAcknowledgements for defund, however response is nil"
ts=2022-05-04T10:16:04.294993Z lvl=info msg="No packets in queue" src_chain_id=theta-testnet-001 src_channel_id=channel-372 src_port_id=icahost dst_chain_id=defund dst_channel_id=channel-0 dst_port_id=icacontroller-defund1smupfeel2wcjatx99m5npwq0n4n9ds6lnt2akzquztucp220k47sf4wy0p
ts=2022-05-04T10:16:08.970379Z lvl=warn msg="Error retrieving unrelayed acknowledgements" src_chain_id=theta-testnet-001 src_channel_id=channel-374 error="no error on QueryPacketUnrelayedAcknowledgements for defund, however response is nil"
ts=2022-05-04T10:16:09.531148Z lvl=info msg="No packets in queue" src_chain_id=theta-testnet-001 src_channel_id=channel-374 src_port_id=icahost dst_chain_id=defund dst_channel_id=channel-1 dst_port_id=icacontroller-defund1z2qw9vx9c8jv7jjm23qgevj4a4ds3zfwa7cxlqt4vy0p8h8550xq5ax25f
ts=2022-05-04T10:16:10.938948Z lvl=warn msg="Error retrieving unrelayed acknowledgements" src_chain_id=theta-testnet-001 src_channel_id=channel-372 error="no error on QueryPacketUnrelayedAcknowledgements for defund, however response is nil"
ts=2022-05-04T10:16:12.273825Z lvl=info msg="No packets in queue" src_chain_id=theta-testnet-001 src_channel_id=channel-372 src_port_id=icahost dst_chain_id=defund dst_channel_id=channel-0 dst_port_id=icacontroller-defund1smupfeel2wcjatx99m5npwq0n4n9ds6lnt2akzquztucp220k47sf4wy0p
ts=2022-05-04T10:16:15.949046Z lvl=warn msg="Error retrieving unrelayed acknowledgements" src_chain_id=theta-testnet-001 src_channel_id=channel-374 error="no error on QueryPacketUnrelayedAcknowledgements for defund, however response is nil"
ts=2022-05-04T10:16:16.921161Z lvl=info msg="No packets in queue" src_chain_id=theta-testnet-001 src_channel_id=channel-374 src_port_id=icahost dst_chain_id=defund dst_channel_id=channel-1 dst_port_id=icacontroller-defund1z2qw9vx9c8jv7jjm23qgevj4a4ds3zfwa7cxlqt4vy0p8h8550xq5ax25f
ts=2022-05-04T10:16:18.790957Z lvl=warn msg="Error retrieving unrelayed acknowledgements" src_chain_id=theta-testnet-001 src_channel_id=channel-372 error="no error on QueryPacketUnrelayedAcknowledgements for defund, however response is nil"
ts=2022-05-04T10:16:20.093902Z lvl=info msg="No packets in queue" src_chain_id=theta-testnet-001 src_channel_id=channel-372 src_port_id=icahost dst_chain_id=defund dst_channel_id=channel-0 dst_port_id=icacontroller-defund1smupfeel2wcjatx99m5npwq0n4n9ds6lnt2akzquztucp220k47sf4wy0p
ts=2022-05-04T10:16:23.308407Z lvl=warn msg="Error retrieving unrelayed acknowledgements" src_chain_id=theta-testnet-001 src_channel_id=channel-374 error="no error on QueryPacketUnrelayedAcknowledgements for defund, however response is nil"
ts=2022-05-04T10:16:24.383459Z lvl=info msg="No packets in queue" src_chain_id=theta-testnet-001 src_channel_id=channel-374 src_port_id=icahost dst_chain_id=defund dst_channel_id=channel-1 dst_port_id=icacontroller-defund1z2qw9vx9c8jv7jjm23qgevj4a4ds3zfwa7cxlqt4vy0p8h8550xq5ax25f
ts=2022-05-04T10:16:26.450100Z lvl=warn msg="Error retrieving unrelayed acknowledgements" src_chain_id=theta-testnet-001 src_channel_id=channel-372 error="no error on QueryPacketUnrelayedAcknowledgements for defund, however response is nil"
ts=2022-05-04T10:16:27.590808Z lvl=info msg="No packets in queue" src_chain_id=theta-testnet-001 src_channel_id=channel-372 src_port_id=icahost dst_chain_id=defund dst_channel_id=channel-0 dst_port_id=icacontroller-defund1smupfeel2wcjatx99m5npwq0n4n9ds6lnt2akzquztucp220k47sf4wy0p
ts=2022-05-04T10:16:30.714431Z lvl=warn msg="Error retrieving unrelayed acknowledgements" src_chain_id=theta-testnet-001 src_channel_id=channel-374 error="no error on QueryPacketUnrelayedAcknowledgements for defund, however response is nil"
ts=2022-05-04T10:16:32.113341Z lvl=info msg="No packets in queue" src_chain_id=theta-testnet-001 src_channel_id=channel-374 src_port_id=icahost dst_chain_id=defund dst_channel_id=channel-1 dst_port_id=icacontroller-defund1z2qw9vx9c8jv7jjm23qgevj4a4ds3zfwa7cxlqt4vy0p8h8550xq5ax25f
ts=2022-05-04T10:16:35.756107Z lvl=warn msg="Error retrieving unrelayed acknowledgements" src_chain_id=theta-testnet-001 src_channel_id=channel-372 error="no error on QueryPacketUnrelayedAcknowledgements for defund, however response is nil"
ts=2022-05-04T10:16:36.599157Z lvl=info msg="No packets in queue" src_chain_id=theta-testnet-001 src_channel_id=channel-372 src_port_id=icahost dst_chain_id=defund dst_channel_id=channel-0 dst_port_id=icacontroller-defund1smupfeel2wcjatx99m5npwq0n4n9ds6lnt2akzquztucp220k47sf4wy0p
ts=2022-05-04T10:16:39.012250Z lvl=warn msg="Error retrieving unrelayed acknowledgements" src_chain_id=theta-testnet-001 src_channel_id=channel-374 error="no error on QueryPacketUnrelayedAcknowledgements for defund, however response is nil"
ts=2022-05-04T10:16:40.077111Z lvl=info msg="No packets in queue" src_chain_id=theta-testnet-001 src_channel_id=channel-374 src_port_id=icahost dst_chain_id=defund dst_channel_id=channel-1 dst_port_id=icacontroller-defund1z2qw9vx9c8jv7jjm23qgevj4a4ds3zfwa7cxlqt4vy0p8h8550xq5ax25f
ts=2022-05-04T10:16:43.726561Z lvl=warn msg="Error retrieving unrelayed acknowledgements" src_chain_id=theta-testnet-001 src_channel_id=channel-372 error="no error on QueryPacketUnrelayedAcknowledgements for defund, however response is nil"
ts=2022-05-04T10:16:44.290123Z lvl=info msg="No packets in queue" src_chain_id=theta-testnet-001 src_channel_id=channel-372 src_port_id=icahost dst_chain_id=defund dst_channel_id=channel-0 dst_port_id=icacontroller-defund1smupfeel2wcjatx99m5npwq0n4n9ds6lnt2akzquztucp220k47sf4wy0p
ts=2022-05-04T10:16:47.009533Z lvl=warn msg="Error retrieving unrelayed acknowledgements" src_chain_id=theta-testnet-001 src_channel_id=channel-374 error="no error on QueryPacketUnrelayedAcknowledgements for defund, however response is nil"
ts=2022-05-04T10:16:48.407510Z lvl=info msg="No packets in queue" src_chain_id=theta-testnet-001 src_channel_id=channel-374 src_port_id=icahost dst_chain_id=defund dst_channel_id=channel-1 dst_port_id=icacontroller-defund1z2qw9vx9c8jv7jjm23qgevj4a4ds3zfwa7cxlqt4vy0p8h8550xq5ax25f
